
========== Log Session Started at 12:02 ==========

Secret key loaded successfully.
Load pretrained SentenceTransformer: all-mpnet-base-v2
Use pytorch device_name: cpu

========== Log Session Started at 12:15 ==========

Secret key loaded successfully.
Load pretrained SentenceTransformer: all-mpnet-base-v2
Use pytorch device_name: cpu

Both Zara and Alana are adolescent girls struggling with significant mental health challenges impacting their academic performance, social lives, and family dynamics.  Both cases highlight the interconnectedness of health, financial, and social issues, with families actively seeking mental health services, exploring financial aid options, and addressing the need for social support and educational accommodations.  The core issue in both is the need for comprehensive support to manage the girls' mental health conditions and help them reintegrate into school and social life.

The cases differ primarily in the severity and immediacy of the mental health crisis. Alana experienced a self-harm crisis requiring hospitalization, indicating a more acute and potentially life-threatening situation than Zara's, whose anxiety, while significant, didn't reach that level of crisis.  Furthermore, Alana's case points to a more deficient support structure within the family, contrasting with Zara's family, which appears more proactive and capable of seeking help. Finally, Alana's diagnosis includes major depressive disorder, a more severe condition than Zara's generalized anxiety disorder, although both conditions co-occur in both cases.

Similarity Score: 7


Both Zara and Malik's cases share striking similarities in their underlying situations and challenges.  Both are adolescents experiencing significant mental health struggles—anxiety for Zara and depression for Malik—stemming directly from the stress of relocating to a new city and attending a new school. This transition resulted in difficulties forming friendships, social isolation, and a decline in academic performance in both instances.  Both families are facing financial strain in accessing appropriate mental health services and are actively seeking support from school counselors, mental health professionals, and community resources to help their children adjust and thrive.  Both cases highlight the intersection of mental health, educational needs (specifically the potential for 504 plans), and financial constraints within a context of family relocation and adjustment to a new environment.


While both cases involve adolescents struggling with mental health issues after a family move, key differences exist.  Malik's depression, a more internalized struggle, differs from Zara's more externally manifesting anxiety.  Malik's case also introduces the added layer of cultural adjustment as he is an immigrant from Pakistan, facing a new culture and language along with the stress of a new school.  This contrasts with Zara's case, where cultural adjustment isn't explicitly mentioned as a significant factor. Finally, while both cases involve financial constraints, Malik's family may face additional hurdles due to potential complexities involving immigration status and accessing healthcare in a new country.


Similarity Score: 8


Both Zara and Ethan's cases share striking similarities in their underlying situations and challenges.  Both are adolescents experiencing significant mental health struggles—anxiety in Zara's case and depression in Ethan's—directly linked to their family's recent relocation and the subsequent adjustment to a new school and community.  Both families face financial burdens associated with securing mental health treatment, and both children experience social isolation and difficulty forming connections with peers, leading to diminished academic performance.  In both cases, the parents proactively seek professional help, explore educational accommodations, and investigate community resources to address their children's needs.  The core dynamic is one of family support navigating the complex intersection of mental health, educational support, and financial constraints.

The cases differ primarily in the specific mental health diagnoses: Zara presents with generalized anxiety disorder, while Ethan has major depressive disorder.  While both conditions share the commonality of impacting social interactions and academic performance, their specific symptoms and treatment approaches may vary.  Additionally, while both families face financial difficulties, Ethan's case includes the potential cost of medication, a factor not explicitly mentioned in Zara's situation.  Finally, the nuance in seeking educational support is slightly different; while both explore 504 plans, Ethan's case also mentions the possibility of an IEP, suggesting a potentially greater level of academic impairment.


Similarity Score: 9


**1. Analysis:**

Zara's case highlights the challenges faced by adolescents transitioning to new environments and the subsequent impact on their mental health.  Her generalized anxiety disorder (GAD), triggered by the move, is manifesting in academic difficulties, social isolation, and physical symptoms. The lack of immediate safety concerns is positive, but the family faces significant hurdles: securing affordable mental health services, navigating the school system to obtain necessary accommodations (potentially a 504 plan), and helping Zara develop coping mechanisms and social skills.

The most likely future outcome involves a multifaceted intervention.  Therapy will be crucial in addressing Zara's GAD, teaching her coping strategies, and improving her self-esteem.  Successful therapy will likely improve her academic performance and social interactions.  The school's cooperation in providing accommodations is vital, ensuring a supportive learning environment. The family's ability to access affordable mental health care will significantly influence the treatment's success.  Without adequate financial resources, the family may face delays or limitations in accessing treatment.

However, there's a risk of treatment delays due to financial constraints or a lack of readily available resources.  Without timely and effective intervention, Zara's anxiety could worsen, potentially leading to further social isolation, academic underachievement, and even the development of comorbid conditions.  There's also a possibility that despite interventions, Zara may continue to struggle with anxiety to some degree, requiring ongoing support.


**2. Predictions:**

* **Positive Outcome:** Zara will receive timely and effective therapy, leading to a significant reduction in her anxiety symptoms.  She will successfully adjust to her new school, improve her academic performance, and build positive social relationships.  Her family will secure appropriate financial assistance for mental health services.
* **Moderate Outcome:** Zara will receive therapy but may experience some setbacks along the way.  Her anxiety will improve, but she may require ongoing support and monitoring.  She will make progress in school and social interactions, but may still experience some difficulties. The family may need to compromise on treatment intensity due to financial limitations.
* **Negative Outcome:** Due to financial barriers or limited access to mental health services, Zara's anxiety will remain untreated or undertreated, leading to persistent difficulties in school and social life.  Her academic performance may suffer, and her social isolation may worsen. This could lead to the development of more serious mental health issues.


**3. Referrals:**

The similar cases (Alana, Malik, and Ethan) strengthen the predictions by highlighting the common challenges faced by adolescents experiencing mental health issues related to relocation and environmental changes.  All three cases, like Zara’s, underscore the importance of comprehensive support encompassing mental health treatment, educational accommodations, and financial assistance.

**Similarities:**

* **Relocation and Adjustment Issues:** All cases share the common theme of adolescents experiencing mental health difficulties following a move to a new environment.  This strengthens the prediction that Zara's anxiety is directly linked to her relocation.
* **Financial Strain:** Each case emphasizes the financial burden on families seeking mental health services, highlighting the potential for treatment delays or limitations due to cost.  This strengthens the prediction that Zara's family may face financial challenges in accessing the care she needs.
* **Educational Accommodations:**  All cases involve discussions about the need for educational accommodations (504 plans or IEPs), emphasizing the importance of school support in improving the adolescent's academic success and overall well-being.
* **Social Isolation:**  Each case demonstrates the link between mental health challenges and social isolation, reinforcing the need for social support interventions.

**Differences:**

* **Severity of Mental Health Issues:** While Zara presents with GAD, Alana and Ethan exhibit more severe conditions (major depressive disorder). Malik's case is of moderate severity.  This suggests that the prognosis for Zara might be more positive than for Alana or Ethan, but less positive than if she didn't experience any problems at all.
* **Immediate Safety Concerns:** Alana's case involves immediate safety concerns (risk of self-harm), unlike Zara's.  This highlights that Zara's case is less urgent in terms of immediate safety but requires timely intervention to prevent escalation.

By comparing these cases, we can see that Zara’s situation, while serious, is not as severe as some, presenting a range of potential outcomes dependent on timely intervention and access to resources. The similarities highlight the systemic challenges faced by families navigating adolescent mental health issues, while the differences help contextualize the potential trajectory of Zara's case.

